<?xml version="1.0" encoding="UTF-8"?>
<testng-results ignored="0" total="3" passed="3" failed="0" skipped="0">
  <reporter-output>
  </reporter-output>
  <suite started-at="2023-02-07T00:07:45 EAT" name="BlazeDemoSuite" finished-at="2023-02-07T00:08:03 EAT" duration-ms="17899">
    <groups>
    </groups>
    <test started-at="2023-02-07T00:07:45 EAT" name="BookFlight" finished-at="2023-02-07T00:07:56 EAT" duration-ms="11410">
      <class name="testcases.Bookflight">
        <test-method is-config="true" signature="setUp(java.lang.String)[pri:0, instance:testcases.Bookflight@548e6d58]" started-at="2023-02-07T00:07:45 EAT" name="setUp" finished-at="2023-02-07T00:07:52 EAT" duration-ms="7311" status="PASS">
          <params>
            <param index="0">
              <value>
                <![CDATA[Chrome]]>
              </value>
            </param>
          </params>
          <reporter-output>
          </reporter-output>
        </test-method> <!-- setUp -->
        <test-method signature="BookFlight()[pri:0, instance:testcases.Bookflight@548e6d58]" started-at="2023-02-07T00:07:52 EAT" name="BookFlight" finished-at="2023-02-07T00:07:56 EAT" duration-ms="4026" status="PASS">
          <reporter-output>
          </reporter-output>
        </test-method> <!-- BookFlight -->
        <test-method is-config="true" signature="afterTest()[pri:0, instance:testcases.Bookflight@548e6d58]" started-at="2023-02-07T00:07:56 EAT" name="afterTest" finished-at="2023-02-07T00:07:56 EAT" duration-ms="8" status="PASS">
          <reporter-output>
          </reporter-output>
        </test-method> <!-- afterTest -->
      </class> <!-- testcases.Bookflight -->
    </test> <!-- BookFlight -->
    <test started-at="2023-02-07T00:07:45 EAT" name="TC_001Login" finished-at="2023-02-07T00:07:59 EAT" duration-ms="14168">
      <class name="testcases.TC_001Login">
        <test-method is-config="true" signature="setUp(java.lang.String)[pri:0, instance:testcases.TC_001Login@68e965f5]" started-at="2023-02-07T00:07:45 EAT" name="setUp" finished-at="2023-02-07T00:07:53 EAT" duration-ms="8593" status="PASS">
          <params>
            <param index="0">
              <value>
                <![CDATA[Chrome]]>
              </value>
            </param>
          </params>
          <reporter-output>
          </reporter-output>
        </test-method> <!-- setUp -->
        <test-method signature="TC_001_Login()[pri:0, instance:testcases.TC_001Login@68e965f5]" started-at="2023-02-07T00:07:53 EAT" name="TC_001_Login" finished-at="2023-02-07T00:07:59 EAT" duration-ms="5559" status="PASS">
          <reporter-output>
          </reporter-output>
        </test-method> <!-- TC_001_Login -->
        <test-method is-config="true" signature="afterTest()[pri:0, instance:testcases.TC_001Login@68e965f5]" started-at="2023-02-07T00:07:59 EAT" name="afterTest" finished-at="2023-02-07T00:07:59 EAT" duration-ms="1" status="PASS">
          <reporter-output>
          </reporter-output>
        </test-method> <!-- afterTest -->
      </class> <!-- testcases.TC_001Login -->
    </test> <!-- TC_001Login -->
    <test started-at="2023-02-07T00:07:45 EAT" name="TC_002Register" finished-at="2023-02-07T00:08:03 EAT" duration-ms="17899">
      <class name="testcases.TC_002Register">
        <test-method is-config="true" signature="setUp(java.lang.String)[pri:0, instance:testcases.TC_002Register@61d6015a]" started-at="2023-02-07T00:07:45 EAT" name="setUp" finished-at="2023-02-07T00:07:57 EAT" duration-ms="12316" status="PASS">
          <params>
            <param index="0">
              <value>
                <![CDATA[Firefox]]>
              </value>
            </param>
          </params>
          <reporter-output>
          </reporter-output>
        </test-method> <!-- setUp -->
        <test-method signature="TC_002_Register()[pri:0, instance:testcases.TC_002Register@61d6015a]" started-at="2023-02-07T00:07:57 EAT" name="TC_002_Register" finished-at="2023-02-07T00:08:03 EAT" duration-ms="5572" status="PASS">
          <reporter-output>
          </reporter-output>
        </test-method> <!-- TC_002_Register -->
        <test-method is-config="true" signature="afterTest()[pri:0, instance:testcases.TC_002Register@61d6015a]" started-at="2023-02-07T00:08:03 EAT" name="afterTest" finished-at="2023-02-07T00:08:03 EAT" duration-ms="1" status="PASS">
          <reporter-output>
          </reporter-output>
        </test-method> <!-- afterTest -->
      </class> <!-- testcases.TC_002Register -->
    </test> <!-- TC_002Register -->
  </suite> <!-- BlazeDemoSuite -->
</testng-results>
